<?xml version="1.0" encoding="UTF-8"?>
<testng-results ignored="0" total="1" passed="1" failed="0" skipped="0">
  <reporter-output>
  </reporter-output>
  <suite started-at="2024-03-18T13:37:51 IST" name="Default suite" finished-at="2024-03-18T13:38:55 IST" duration-ms="64499">
    <groups>
    </groups>
    <test started-at="2024-03-18T13:37:51 IST" name="Default test" finished-at="2024-03-18T13:38:55 IST" duration-ms="64499">
      <class name="OrangeHRM.OrangeHRM">
        <test-method signature="firstpage()[pri:0, instance:OrangeHRM.OrangeHRM@7ac2e39b]" started-at="2024-03-18T13:37:51 IST" name="firstpage" finished-at="2024-03-18T13:38:35 IST" duration-ms="44268" status="PASS">
          <reporter-output>
          </reporter-output>
        </test-method> <!-- firstpage -->
        <test-method is-config="true" signature="Login()[pri:0, instance:OrangeHRM.OrangeHRM@7ac2e39b]" started-at="2024-03-18T13:38:35 IST" name="Login" finished-at="2024-03-18T13:38:45 IST" duration-ms="9552" status="PASS">
          <reporter-output>
          </reporter-output>
        </test-method> <!-- Login -->
        <test-method is-config="true" signature="myInfo()[pri:0, instance:OrangeHRM.OrangeHRM@7ac2e39b]" started-at="2024-03-18T13:38:45 IST" name="myInfo" finished-at="2024-03-18T13:38:55 IST" duration-ms="10540" status="PASS">
          <reporter-output>
          </reporter-output>
        </test-method> <!-- myInfo -->
      </class> <!-- OrangeHRM.OrangeHRM -->
    </test> <!-- Default test -->
  </suite> <!-- Default suite -->
</testng-results>
